<?xml version="1.0" encoding="UTF-8"?>
<coverage generated="1721572455048" clover="3.2.0">
  <project timestamp="1721572455048" name="All files">
    <metrics statements="26" coveredstatements="17" conditionals="2" coveredconditionals="1" methods="3" coveredmethods="1" elements="31" coveredelements="19" complexity="0" loc="26" ncloc="26" packages="1" files="1" classes="1"/>
    <file name="calculator.js" path="/home/chrismelvin/documents/html/dom/calculator.js">
      <metrics statements="26" coveredstatements="17" conditionals="2" coveredconditionals="1" methods="3" coveredmethods="1"/>
      <line num="19" count="1" type="stmt"/>
      <line num="24" count="1" type="stmt"/>
      <line num="31" count="2" type="stmt"/>
      <line num="32" count="2" type="stmt"/>
      <line num="33" count="2" type="stmt"/>
      <line num="34" count="2" type="stmt"/>
      <line num="35" count="2" type="stmt"/>
      <line num="37" count="2" type="stmt"/>
      <line num="45" count="2" type="stmt"/>
      <line num="47" count="2" type="stmt"/>
      <line num="48" count="20" type="stmt"/>
      <line num="49" count="20" type="stmt"/>
      <line num="53" count="2" type="stmt"/>
      <line num="55" count="2" type="cond" truecount="1" falsecount="1"/>
      <line num="56" count="0" type="stmt"/>
      <line num="61" count="2" type="stmt"/>
      <line num="64" count="1" type="stmt"/>
      <line num="65" count="0" type="stmt"/>
      <line num="67" count="0" type="stmt"/>
      <line num="68" count="0" type="stmt"/>
      <line num="69" count="0" type="stmt"/>
      <line num="70" count="0" type="stmt"/>
      <line num="71" count="0" type="stmt"/>
      <line num="74" count="0" type="stmt"/>
      <line num="75" count="0" type="stmt"/>
      <line num="84" count="1" type="stmt"/>
    </file>
  </project>
</coverage>
