{"/home/chrismelvin/documents/html/dom/calculator.js": {"path":"/home/chrismelvin/documents/html/dom/calculator.js","statementMap":{"0":{"start":{"line":19,"column":18},"end":{"line":22,"column":2}},"1":{"start":{"line":24,"column":34},"end":{"line":62,"column":1}},"2":{"start":{"line":31,"column":20},"end":{"line":31,"column":48}},"3":{"start":{"line":32,"column":23},"end":{"line":32,"column":45}},"4":{"start":{"line":33,"column":15},"end":{"line":33,"column":32}},"5":{"start":{"line":34,"column":37},"end":{"line":34,"column":69}},"6":{"start":{"line":35,"column":20},"end":{"line":35,"column":29}},"7":{"start":{"line":37,"column":2},"end":{"line":43,"column":5}},"8":{"start":{"line":45,"column":2},"end":{"line":45,"column":32}},"9":{"start":{"line":47,"column":2},"end":{"line":50,"column":3}},"10":{"start":{"line":47,"column":15},"end":{"line":47,"column":16}},"11":{"start":{"line":48,"column":4},"end":{"line":48,"column":46}},"12":{"start":{"line":49,"column":4},"end":{"line":49,"column":46}},"13":{"start":{"line":53,"column":24},"end":{"line":53,"column":57}},"14":{"start":{"line":55,"column":2},"end":{"line":59,"column":3}},"15":{"start":{"line":56,"column":4},"end":{"line":58,"column":8}},"16":{"start":{"line":61,"column":2},"end":{"line":61,"column":41}},"17":{"start":{"line":64,"column":0},"end":{"line":82,"column":3}},"18":{"start":{"line":65,"column":15},"end":{"line":65,"column":57}},"19":{"start":{"line":67,"column":2},"end":{"line":81,"column":5}},"20":{"start":{"line":68,"column":29},"end":{"line":68,"column":79}},"21":{"start":{"line":69,"column":17},"end":{"line":69,"column":54}},"22":{"start":{"line":70,"column":18},"end":{"line":70,"column":56}},"23":{"start":{"line":71,"column":33},"end":{"line":73,"column":11}},"24":{"start":{"line":74,"column":4},"end":{"line":74,"column":27}},"25":{"start":{"line":75,"column":4},"end":{"line":80,"column":6}},"26":{"start":{"line":84,"column":0},"end":{"line":84,"column":47}}},"fnMap":{"0":{"name":"(anonymous_0)","decl":{"start":{"line":24,"column":34},"end":{"line":24,"column":35}},"loc":{"start":{"line":29,"column":5},"end":{"line":62,"column":1}},"line":29},"1":{"name":"(anonymous_1)","decl":{"start":{"line":64,"column":44},"end":{"line":64,"column":45}},"loc":{"start":{"line":64,"column":55},"end":{"line":82,"column":1}},"line":64},"2":{"name":"(anonymous_2)","decl":{"start":{"line":67,"column":34},"end":{"line":67,"column":35}},"loc":{"start":{"line":67,"column":51},"end":{"line":81,"column":3}},"line":67}},"branchMap":{"0":{"loc":{"start":{"line":55,"column":2},"end":{"line":59,"column":3}},"type":"if","locations":[{"start":{"line":55,"column":2},"end":{"line":59,"column":3}},{"start":{},"end":{}}],"line":55}},"s":{"0":1,"1":1,"2":2,"3":2,"4":2,"5":2,"6":2,"7":2,"8":2,"9":2,"10":2,"11":20,"12":20,"13":2,"14":2,"15":0,"16":2,"17":1,"18":0,"19":0,"20":0,"21":0,"22":0,"23":0,"24":0,"25":0,"26":1},"f":{"0":2,"1":0,"2":0},"b":{"0":[0,2]},"_coverageSchema":"1a1c01bbd47fc00a2c39e90264f33305004495a9","hash":"262d0417937da1139c5065681af5cfe82e72796a"}
}
